Performing C SOURCE FILE Test CMAKE_HAVE_LIBC_PTHREAD failed with the following output:
Change Dir: /home/aluno/CLionProjects/Lista_ListaOrdenadaInteiros/cmake-build-debug/CMakeFiles/CMakeTmp

Run Build Command(s):/usr/bin/make cmTC_caf13/fast && /usr/bin/make -f CMakeFiles/cmTC_caf13.dir/build.make CMakeFiles/cmTC_caf13.dir/build
make[1]: Entering directory '/home/aluno/CLionProjects/Lista_ListaOrdenadaInteiros/cmake-build-debug/CMakeFiles/CMakeTmp'
Building C object CMakeFiles/cmTC_caf13.dir/src.c.o
/usr/bin/cc   -DCMAKE_HAVE_LIBC_PTHREAD   -o CMakeFiles/cmTC_caf13.dir/src.c.o   -c /home/aluno/CLionProjects/Lista_ListaOrdenadaInteiros/cmake-build-debug/CMakeFiles/CMakeTmp/src.c
Linking C executable cmTC_caf13
/snap/clion/103/bin/cmake/linux/bin/cmake -E cmake_link_script CMakeFiles/cmTC_caf13.dir/link.txt --verbose=1
/usr/bin/cc  -DCMAKE_HAVE_LIBC_PTHREAD    -rdynamic CMakeFiles/cmTC_caf13.dir/src.c.o  -o cmTC_caf13 
CMakeFiles/cmTC_caf13.dir/src.c.o: In function `main':
src.c:(.text+0x2f): undefined reference to `pthread_create'
src.c:(.text+0x3b): undefined reference to `pthread_detach'
src.c:(.text+0x4c): undefined reference to `pthread_join'
src.c:(.text+0x60): undefined reference to `pthread_atfork'
collect2: error: ld returned 1 exit status
CMakeFiles/cmTC_caf13.dir/build.make:86: recipe for target 'cmTC_caf13' failed
make[1]: *** [cmTC_caf13] Error 1
make[1]: Leaving directory '/home/aluno/CLionProjects/Lista_ListaOrdenadaInteiros/cmake-build-debug/CMakeFiles/CMakeTmp'
Makefile:121: recipe for target 'cmTC_caf13/fast' failed
make: *** [cmTC_caf13/fast] Error 2


Source file was:
#include <pthread.h>

void* test_func(void* data)
{
  return data;
}

int main(void)
{
  pthread_t thread;
  pthread_create(&thread, NULL, test_func, NULL);
  pthread_detach(thread);
  pthread_join(thread, NULL);
  pthread_atfork(NULL, NULL, NULL);
  pthread_exit(NULL);

  return 0;
}

Determining if the function pthread_create exists in the pthreads failed with the following output:
Change Dir: /home/aluno/CLionProjects/Lista_ListaOrdenadaInteiros/cmake-build-debug/CMakeFiles/CMakeTmp

Run Build Command(s):/usr/bin/make cmTC_1bff1/fast && /usr/bin/make -f CMakeFiles/cmTC_1bff1.dir/build.make CMakeFiles/cmTC_1bff1.dir/build
make[1]: Entering directory '/home/aluno/CLionProjects/Lista_ListaOrdenadaInteiros/cmake-build-debug/CMakeFiles/CMakeTmp'
Building C object CMakeFiles/cmTC_1bff1.dir/CheckFunctionExists.c.o
/usr/bin/cc   -DCHECK_FUNCTION_EXISTS=pthread_create   -o CMakeFiles/cmTC_1bff1.dir/CheckFunctionExists.c.o   -c /snap/clion/103/bin/cmake/linux/share/cmake-3.15/Modules/CheckFunctionExists.c
Linking C executable cmTC_1bff1
/snap/clion/103/bin/cmake/linux/bin/cmake -E cmake_link_script CMakeFiles/cmTC_1bff1.dir/link.txt --verbose=1
/usr/bin/cc  -DCHECK_FUNCTION_EXISTS=pthread_create    -rdynamic CMakeFiles/cmTC_1bff1.dir/CheckFunctionExists.c.o  -o cmTC_1bff1 -lpthreads 
/usr/bin/ld: cannot find -lpthreads
collect2: error: ld returned 1 exit status
CMakeFiles/cmTC_1bff1.dir/build.make:86: recipe for target 'cmTC_1bff1' failed
make[1]: *** [cmTC_1bff1] Error 1
make[1]: Leaving directory '/home/aluno/CLionProjects/Lista_ListaOrdenadaInteiros/cmake-build-debug/CMakeFiles/CMakeTmp'
Makefile:121: recipe for target 'cmTC_1bff1/fast' failed
make: *** [cmTC_1bff1/fast] Error 2



